<?xml version="1.0" encoding="UTF-8"?>
<robot generator="Robot 3.1.1 (Python 3.7.2 on win32)" generated="20190219 11:43:46.955" rpa="false">
<suite id="s1" name="Projects" source="C:\RobotFramework\Projects">
<suite id="s1-s1" name="TestSuite1" source="C:\RobotFramework\Projects\TestSuite1.robot">
<kw name="Log" library="BuiltIn" type="setup">
<doc>Logs the given message with the given level.</doc>
<arguments>
<arg>I am inside Test Suite Setup</arg>
</arguments>
<msg timestamp="20190219 11:43:47.179" level="INFO">I am inside Test Suite Setup</msg>
<status status="PASS" starttime="20190219 11:43:47.178" endtime="20190219 11:43:47.179"></status>
</kw>
<test id="s1-s1-t1" name="MyFirstTest">
<kw name="Log" library="BuiltIn" type="setup">
<doc>Logs the given message with the given level.</doc>
<arguments>
<arg>I am inside Test Setup</arg>
</arguments>
<msg timestamp="20190219 11:43:47.180" level="INFO">I am inside Test Setup</msg>
<status status="PASS" starttime="20190219 11:43:47.180" endtime="20190219 11:43:47.180"></status>
</kw>
<kw name="Log" library="BuiltIn">
<doc>Logs the given message with the given level.</doc>
<arguments>
<arg>Hello Word...</arg>
</arguments>
<msg timestamp="20190219 11:43:47.181" level="INFO">Hello Word...</msg>
<status status="PASS" starttime="20190219 11:43:47.180" endtime="20190219 11:43:47.181"></status>
</kw>
<kw name="Log" library="BuiltIn" type="teardown">
<doc>Logs the given message with the given level.</doc>
<arguments>
<arg>I am inside Test Teardown</arg>
</arguments>
<msg timestamp="20190219 11:43:47.181" level="INFO">I am inside Test Teardown</msg>
<status status="PASS" starttime="20190219 11:43:47.181" endtime="20190219 11:43:47.182"></status>
</kw>
<tags>
<tag>smoke</tag>
</tags>
<status status="PASS" starttime="20190219 11:43:47.179" endtime="20190219 11:43:47.182" critical="yes"></status>
</test>
<test id="s1-s1-t2" name="MySecondTest">
<kw name="Log" library="BuiltIn" type="setup">
<doc>Logs the given message with the given level.</doc>
<arguments>
<arg>I am inside Test Setup</arg>
</arguments>
<msg timestamp="20190219 11:43:47.183" level="INFO">I am inside Test Setup</msg>
<status status="PASS" starttime="20190219 11:43:47.183" endtime="20190219 11:43:47.183"></status>
</kw>
<kw name="Log" library="BuiltIn">
<doc>Logs the given message with the given level.</doc>
<arguments>
<arg>I am inside 2nd test</arg>
</arguments>
<msg timestamp="20190219 11:43:47.183" level="INFO">I am inside 2nd test</msg>
<status status="PASS" starttime="20190219 11:43:47.183" endtime="20190219 11:43:47.183"></status>
</kw>
<kw name="Set Tags" library="BuiltIn">
<doc>Adds given ``tags`` for the current test or all tests in a suite.</doc>
<arguments>
<arg>Regression1</arg>
</arguments>
<msg timestamp="20190219 11:43:47.184" level="INFO">Set tag 'Regression1'.</msg>
<status status="PASS" starttime="20190219 11:43:47.184" endtime="20190219 11:43:47.184"></status>
</kw>
<kw name="Remove Tags" library="BuiltIn">
<doc>Removes given ``tags`` from the current test or all tests in a suite.</doc>
<arguments>
<arg>Regression1</arg>
</arguments>
<msg timestamp="20190219 11:43:47.185" level="INFO">Removed tag 'Regression1'.</msg>
<status status="PASS" starttime="20190219 11:43:47.184" endtime="20190219 11:43:47.185"></status>
</kw>
<kw name="Log" library="BuiltIn" type="teardown">
<doc>Logs the given message with the given level.</doc>
<arguments>
<arg>I am inside Test Teardown</arg>
</arguments>
<msg timestamp="20190219 11:43:47.185" level="INFO">I am inside Test Teardown</msg>
<status status="PASS" starttime="20190219 11:43:47.185" endtime="20190219 11:43:47.186"></status>
</kw>
<tags>
<tag>example</tag>
</tags>
<status status="PASS" starttime="20190219 11:43:47.182" endtime="20190219 11:43:47.186" critical="yes"></status>
</test>
<test id="s1-s1-t3" name="MyThirdTest">
<kw name="Log" library="BuiltIn" type="setup">
<doc>Logs the given message with the given level.</doc>
<arguments>
<arg>I am inside Test Setup</arg>
</arguments>
<msg timestamp="20190219 11:43:47.187" level="INFO">I am inside Test Setup</msg>
<status status="PASS" starttime="20190219 11:43:47.186" endtime="20190219 11:43:47.187"></status>
</kw>
<kw name="Log" library="BuiltIn">
<doc>Logs the given message with the given level.</doc>
<arguments>
<arg>I am inside 3rd test</arg>
</arguments>
<msg timestamp="20190219 11:43:47.187" level="INFO">I am inside 3rd test</msg>
<status status="PASS" starttime="20190219 11:43:47.187" endtime="20190219 11:43:47.187"></status>
</kw>
<kw name="Log" library="BuiltIn" type="teardown">
<doc>Logs the given message with the given level.</doc>
<arguments>
<arg>I am inside Test Teardown</arg>
</arguments>
<msg timestamp="20190219 11:43:47.188" level="INFO">I am inside Test Teardown</msg>
<status status="PASS" starttime="20190219 11:43:47.188" endtime="20190219 11:43:47.188"></status>
</kw>
<tags>
<tag>sanity</tag>
</tags>
<status status="PASS" starttime="20190219 11:43:47.186" endtime="20190219 11:43:47.188" critical="yes"></status>
</test>
<test id="s1-s1-t4" name="FirstSeleniumTest">
<kw name="Log" library="BuiltIn" type="setup">
<doc>Logs the given message with the given level.</doc>
<arguments>
<arg>I am inside Test Setup</arg>
</arguments>
<msg timestamp="20190219 11:43:47.189" level="INFO">I am inside Test Setup</msg>
<status status="PASS" starttime="20190219 11:43:47.189" endtime="20190219 11:43:47.189"></status>
</kw>
<kw name="Open Browser" library="SeleniumLibrary">
<doc>Opens a new browser instance to the given ``url``.</doc>
<arguments>
<arg>https://google.com</arg>
<arg>chrome</arg>
</arguments>
<msg timestamp="20190219 11:43:47.190" level="INFO">Opening browser 'chrome' to base url 'https://google.com'.</msg>
<status status="PASS" starttime="20190219 11:43:47.190" endtime="20190219 11:43:50.381"></status>
</kw>
<kw name="Set Browser Implicit Wait" library="SeleniumLibrary">
<doc>Sets the implicit wait value used by Selenium.</doc>
<arguments>
<arg>5</arg>
</arguments>
<status status="PASS" starttime="20190219 11:43:50.382" endtime="20190219 11:43:50.385"></status>
</kw>
<kw name="Input Text" library="SeleniumLibrary">
<doc>Types the given ``text`` into text field identified by ``locator``.</doc>
<arguments>
<arg>name=q</arg>
<arg>Automation step by step</arg>
</arguments>
<msg timestamp="20190219 11:43:50.385" level="INFO">Typing text 'Automation step by step' into text field 'name=q'.</msg>
<status status="PASS" starttime="20190219 11:43:50.385" endtime="20190219 11:43:50.556"></status>
</kw>
<kw name="Press Keys" library="SeleniumLibrary">
<doc>Simulates user pressing key(s) to an element or on the active browser.</doc>
<arguments>
<arg>name=q</arg>
<arg>ENTER</arg>
</arguments>
<msg timestamp="20190219 11:43:50.557" level="INFO">Sending key(s) ('ENTER',) to name=q element.</msg>
<msg timestamp="20190219 11:43:50.564" level="INFO">Pressing special key ENTER to element.</msg>
<status status="PASS" starttime="20190219 11:43:50.556" endtime="20190219 11:43:51.284"></status>
</kw>
<kw name="Sleep" library="BuiltIn">
<doc>Pauses the test executed for the given time.</doc>
<arguments>
<arg>2</arg>
</arguments>
<msg timestamp="20190219 11:43:53.285" level="INFO">Slept 2 seconds</msg>
<status status="PASS" starttime="20190219 11:43:51.285" endtime="20190219 11:43:53.285"></status>
</kw>
<kw name="Close Browser" library="SeleniumLibrary">
<doc>Closes the current browser.</doc>
<status status="PASS" starttime="20190219 11:43:53.285" endtime="20190219 11:43:55.430"></status>
</kw>
<kw name="Log" library="BuiltIn">
<doc>Logs the given message with the given level.</doc>
<arguments>
<arg>Test completed</arg>
</arguments>
<msg timestamp="20190219 11:43:55.433" level="INFO">Test completed</msg>
<status status="PASS" starttime="20190219 11:43:55.431" endtime="20190219 11:43:55.433"></status>
</kw>
<kw name="Log" library="BuiltIn" type="teardown">
<doc>Logs the given message with the given level.</doc>
<arguments>
<arg>I am inside Test Teardown</arg>
</arguments>
<msg timestamp="20190219 11:43:55.435" level="INFO">I am inside Test Teardown</msg>
<status status="PASS" starttime="20190219 11:43:55.434" endtime="20190219 11:43:55.436"></status>
</kw>
<tags>
<tag>sanity</tag>
</tags>
<status status="PASS" starttime="20190219 11:43:47.189" endtime="20190219 11:43:55.436" critical="yes"></status>
</test>
<test id="s1-s1-t5" name="SampleLoginTest">
<kw name="Log" library="BuiltIn" type="setup">
<doc>Logs the given message with the given level.</doc>
<arguments>
<arg>I am inside Test Setup</arg>
</arguments>
<msg timestamp="20190219 11:43:55.438" level="INFO">I am inside Test Setup</msg>
<status status="PASS" starttime="20190219 11:43:55.438" endtime="20190219 11:43:55.438"></status>
</kw>
<kw name="Open Browser" library="SeleniumLibrary">
<doc>Opens a new browser instance to the given ``url``.</doc>
<arguments>
<arg>${URL}</arg>
<arg>chrome</arg>
</arguments>
<msg timestamp="20190219 11:43:55.439" level="INFO">Opening browser 'chrome' to base url 'https://opensource-demo.orangehrmlive.com/'.</msg>
<status status="PASS" starttime="20190219 11:43:55.438" endtime="20190219 11:43:59.451"></status>
</kw>
<kw name="Set Browser Implicit Wait" library="SeleniumLibrary">
<doc>Sets the implicit wait value used by Selenium.</doc>
<arguments>
<arg>5</arg>
</arguments>
<status status="PASS" starttime="20190219 11:43:59.452" endtime="20190219 11:43:59.455"></status>
</kw>
<kw name="LoginKW">
<kw name="Input Text" library="SeleniumLibrary">
<doc>Types the given ``text`` into text field identified by ``locator``.</doc>
<arguments>
<arg>id=txtUsername</arg>
<arg>@{CREDENTIALS}[0]</arg>
</arguments>
<msg timestamp="20190219 11:43:59.457" level="INFO">Typing text 'Admin' into text field 'id=txtUsername'.</msg>
<status status="PASS" starttime="20190219 11:43:59.456" endtime="20190219 11:43:59.538"></status>
</kw>
<kw name="Input Text" library="SeleniumLibrary">
<doc>Types the given ``text`` into text field identified by ``locator``.</doc>
<arguments>
<arg>id=txtPassword</arg>
<arg>&amp;{LOGINDATA}[password]</arg>
</arguments>
<msg timestamp="20190219 11:43:59.539" level="INFO">Typing text 'admin123' into text field 'id=txtPassword'.</msg>
<status status="PASS" starttime="20190219 11:43:59.538" endtime="20190219 11:43:59.607"></status>
</kw>
<kw name="Click Button" library="SeleniumLibrary">
<doc>Clicks button identified by ``locator``.</doc>
<arguments>
<arg>id=btnLogin</arg>
</arguments>
<msg timestamp="20190219 11:43:59.608" level="INFO">Clicking button 'id=btnLogin'.</msg>
<status status="PASS" starttime="20190219 11:43:59.608" endtime="20190219 11:44:01.042"></status>
</kw>
<status status="PASS" starttime="20190219 11:43:59.455" endtime="20190219 11:44:01.043"></status>
</kw>
<kw name="Click Element" library="SeleniumLibrary">
<doc>Click element identified by ``locator``.</doc>
<arguments>
<arg>id=welcome</arg>
</arguments>
<msg timestamp="20190219 11:44:01.043" level="INFO">Clicking element 'id=welcome'.</msg>
<status status="PASS" starttime="20190219 11:44:01.043" endtime="20190219 11:44:01.105"></status>
</kw>
<kw name="Click Element" library="SeleniumLibrary">
<doc>Click element identified by ``locator``.</doc>
<arguments>
<arg>link=Logout</arg>
</arguments>
<msg timestamp="20190219 11:44:01.106" level="INFO">Clicking element 'link=Logout'.</msg>
<status status="PASS" starttime="20190219 11:44:01.105" endtime="20190219 11:44:02.356"></status>
</kw>
<kw name="Close Browser" library="SeleniumLibrary">
<doc>Closes the current browser.</doc>
<status status="PASS" starttime="20190219 11:44:02.356" endtime="20190219 11:44:04.489"></status>
</kw>
<kw name="Log" library="BuiltIn">
<doc>Logs the given message with the given level.</doc>
<arguments>
<arg>Test completed</arg>
</arguments>
<msg timestamp="20190219 11:44:04.490" level="INFO">Test completed</msg>
<status status="PASS" starttime="20190219 11:44:04.489" endtime="20190219 11:44:04.490"></status>
</kw>
<kw name="Log" library="BuiltIn">
<doc>Logs the given message with the given level.</doc>
<arguments>
<arg>This test was executed by %{username} on %{os}</arg>
</arguments>
<msg timestamp="20190219 11:44:04.491" level="INFO">This test was executed by Åsa Österberg on Windows_NT</msg>
<status status="PASS" starttime="20190219 11:44:04.490" endtime="20190219 11:44:04.491"></status>
</kw>
<kw name="Log" library="BuiltIn" type="teardown">
<doc>Logs the given message with the given level.</doc>
<arguments>
<arg>I am inside Test Teardown</arg>
</arguments>
<msg timestamp="20190219 11:44:04.491" level="INFO">I am inside Test Teardown</msg>
<status status="PASS" starttime="20190219 11:44:04.491" endtime="20190219 11:44:04.491"></status>
</kw>
<doc>This is a sample login test</doc>
<tags>
<tag>sanity</tag>
</tags>
<status status="PASS" starttime="20190219 11:43:55.437" endtime="20190219 11:44:04.492" critical="yes"></status>
</test>
<kw name="Log" library="BuiltIn" type="teardown">
<doc>Logs the given message with the given level.</doc>
<arguments>
<arg>I am inside Test Suite Teardown</arg>
</arguments>
<msg timestamp="20190219 11:44:04.493" level="INFO">I am inside Test Suite Teardown</msg>
<status status="PASS" starttime="20190219 11:44:04.492" endtime="20190219 11:44:04.493"></status>
</kw>
<status status="PASS" starttime="20190219 11:43:47.021" endtime="20190219 11:44:04.493"></status>
</suite>
<status status="PASS" starttime="20190219 11:43:46.998" endtime="20190219 11:44:04.496"></status>
</suite>
<statistics>
<total>
<stat pass="5" fail="0">Critical Tests</stat>
<stat pass="5" fail="0">All Tests</stat>
</total>
<tag>
<stat pass="1" fail="0">example</stat>
<stat pass="3" fail="0">sanity</stat>
<stat pass="1" fail="0">smoke</stat>
</tag>
<suite>
<stat pass="5" fail="0" id="s1" name="Projects">Projects</stat>
<stat pass="5" fail="0" id="s1-s1" name="TestSuite1">Projects.TestSuite1</stat>
</suite>
</statistics>
<errors>
</errors>
</robot>
